// 重构日志: 3811ef39
// 重构日志: fd1e197b
// 重构日志: 8a8e745e
// 重构日志: e7ab8130
// 同步 ID: 3ba39bac @ Tue Jun 30 11:17:01 UTC 2026
// 重构日志: 9feef1d7
// 重构日志: 3e60c612
// 同步 ID: 89e06a2e @ Sat Jul  4 08:08:04 UTC 2026
// 同步 ID: 3ba4f773 @ Sat Jul  4 16:45:41 UTC 2026
// 重构日志: dcb3d572
// 重构日志: a9634de0
// 重构日志: c017238e
// 重构日志: 276da590
// 重构日志: 1675fb5d
// 重构日志: ea6ed114
// 重构日志: 14975a01
// 重构日志: 11fb4dc6
// 重构日志: bcde4032
// 重构日志: f440ac58
// 同步 ID: 80bcadb9 @ Thu Jul 16 12:07:33 UTC 2026
// 重构日志: a798c0c7
// 同步 ID: 552c5b37 @ Fri Jul 17 12:45:53 UTC 2026
// 重构日志: 4ba39275
// 重构日志: caa0e161
// 同步 ID: 3ecd5b86 @ Sun Jul 19 00:22:00 UTC 2026
// 同步 ID: 5334df30 @ Mon Jul 20 08:55:50 UTC 2026
// 重构日志: 47447109
// 同步 ID: a33158a2 @ Tue Jul 21 12:54:12 UTC 2026
// 同步 ID: 6db35de8 @ Wed Jul 22 04:58:36 UTC 2026
// 同步 ID: 5df50fc3 @ Wed Jul 22 16:57:45 UTC 2026
// 重构日志: 0b536ef5
